# Created by Octave 3.2.4, Mon Feb 13 23:24:29 2012 EET <andrei@andrei-xps>
# name: points_ok
# type: matrix
# rows: 495
# columns: 3
 1.626896259877963 -0.2380195901869707 1.837651988186348
 0.316090680426339 0.5482452519656862 2.900671329334458
 0.7457147609385586 -2.130840702253932 1.422828816857892
 -0.9408760959620309 2.145680140945563 -0.8391953405575773
 -1.18411035578594 1.206802909036535 0.5070866308695381
 1.208956806146104 -2.59950277202198 -0.001873133487975021
 2.380317668675461 -0.7725057885193191 -0.8526953137039671
 -1.436913237582734 -0.9802191663682008 2.255330337563434
 -0.2114679231542961 2.569140289794738 -1.096104616768556
 -1.093884730572585 -1.41567548366698 1.760139914745284
 0.0940117787043202 0.9462361594298327 -1.840240304531766
 2.532117880740552 0.03618425084673516 -0.630428030636215
 -0.3271009898168254 0.2269443492136898 2.222809449210296
 -0.9348563456511415 0.2889031720933075 -2.523274009911098
 1.011040575527337 1.870555103495873 1.037411988805892
 0.9948763464664205 -1.027360056614764 0.006528802025701719
 0.5667182535174911 -0.9915300847825163 0.5206671654689519
 -0.7903002728548153 1.648435058090292 -0.1554163065761572
 -1.537648188995356 0.6608013076575967 -0.2898963381792864
 -2.309335539208901 1.149135038366613 1.478135352128153
 1.125373264219406 2.425067013087915 -0.8342823952347035
 0.6496410894880424 1.046732792433947 -2.656789917480128
 -0.584567637165084 2.053699439600952 0.8668560370487437
 -0.4230755668383738 -2.757605705126954 -0.9752871990189717
 2.516723376384455 0.5461915108948583 -0.5874828900156289
 0.03189137152491139 -2.290350048875252 -0.04245539466910409
 -1.043548657925611 1.695751116642325 -0.6620302892099369
 -1.417980619784616 0.4096090933025271 -0.7426483569430896
 -1.747600173980049 -0.8933002391180053 0.1561820788929298
 2.00239413102558 1.3375408510731 -0.8926057818859953
 0.9799536276071223 1.458936771590007 -1.570816773997124
 -1.689992924019722 -0.1767655090418739 -2.426661142777113
 -0.4380274687502278 0.7768783945677245 -1.209011772255423
 -1.533872397422406 1.326139282987564 -0.9330914524173032
 -1.57848738255215 0.3248455207939218 1.24077073388943
 -1.213978100534986 -0.07163503941820271 1.028838709387613
 -1.739493325458983 0.6250642681763932 2.22081996993644
 -2.013103961755936 -1.71090293352713 -0.5567146862627855
 -1.013109319081271 -1.325823247071188 1.313015505812251
 -0.4518070583430159 -1.799953315769296 1.672801512142243
 -2.288506860624301 0.5320507429695296 1.140248274322159
 0.08378077571907694 -1.842935979309938 2.022758660077892
 0.6993267258142539 -0.7208200392051901 1.735237052009168
 -0.2421681040366997 1.695514189497336 -2.311518872061659
 -2.067201623727714 -1.226886225785154 -1.663758745432619
 0.7378724570331447 -1.834256930198001 -2.230005470680217
 -0.8968501852717498 -1.168071848380125 0.3110161841768617
 -1.426833852037525 -1.930662036514007 -0.8995340567885272
 -0.9368215910169434 -0.2530160102744267 1.21343451146655
 -2.011306281635014 0.9836367757851388 -0.7706650436379504
 0.7322686686409561 -2.390063648335418 -1.231495878532403
 1.064878991072328 1.820016977491136 -0.5630604263927724
 -1.522163396901843 1.849912053910205 0.4796494285444706
 2.335182665618816 -1.544708024394818 -0.004507121819274151
 -2.469780270779621 0.2491554978691815 -1.607443892308321
 -0.7785556880338848 1.316107852812934 -1.540671905735201
 2.10552236523326 -1.756849910554792 1.051319796730142
 -0.8846721118570412 -0.8831241337826446 -0.5552327877480784
 -0.8899575389325461 -0.6314466872816048 -1.853821683295792
 1.566952512693937 0.4156718574812321 -0.05985934205381194
 0.7752063121655628 -2.313979686444818 -1.051724506585726
 -2.58125240361806 -0.7351323704075504 0.6701184042012118
 1.370874104712616 0.4958897099133586 -1.659297319925003
 -1.793722439363189 0.5526208772129395 1.969766191143522
 -0.2830146782887702 1.02282209513585 -2.355446194265832
 -0.4719071998574752 -1.633482777660366 1.661069217859827
 -1.603243783831711 -1.995352067280473 0.05342943385314092
 1.318310464285984 -1.659662526193689 -1.597138904686148
 1.042303228206377 -0.0295959255463133 0.5430246160291226
 0.8601643859305683 -0.7840621262799837 2.255909787498337
 0.33727594543613 -0.5656888342904643 -2.294247475813758
 -2.160329311510979 0.8414371177141076 -0.9088236839870877
 0.9772616725393364 0.898707041182542 1.51592924027724
 0.7697862862805698 0.6041950869093997 -0.3732495183091676
 0.6579041180244536 2.162869278756167 -0.1331498002217807
 -1.720496914631002 1.929708435944813 -0.9554819021951723
 -0.2977757443196173 -0.8880468664360678 2.411617398075412
 -1.212608631007143 1.826572999383772 -1.390752871989391
 1.277331175714353 -2.151511535590764 -0.3685682470656765
 -1.713940338236879 -0.6028120182824138 -0.2611874033949418
 0.7771452418175007 -1.520355422706966 0.4461337441785655
 -1.263123529587876 1.733446720486626 1.203201349654606
 1.509652948189047 0.6539624359120744 0.857864690211068
 -0.7867967230038265 -0.473697052616774 -2.047077633940971
 2.331850570253101 0.8183789960663754 -0.8630326405678298
 2.221717482047857 0.7953613692787731 -0.5986120965022189
 0.3033969311131672 0.8007930930391218 -1.981748856613585
 2.846494683452265 -0.08021317067700251 -0.8620869330276245
 1.295187933724948 -1.858436955340477 1.185258695732528
 -0.4444130497401279 -0.9654164010712557 -1.457236066868592
 0.198538519720947 -2.519862167475926 1.104378246781526
 0.210710893929865 2.889145950138107 -0.07211165892760774
 0.382224967178671 0.6274206635042292 -0.09085057756520565
 1.408041755350882 0.4081678567486118 -2.013049604358493
 0.5310860306192433 0.08824106591556902 -0.5184713743320392
 -1.555431689222163 -1.027296733560999 -1.862657360878573
 0.6229062354035708 -0.8438011003608558 -2.731620319228329
 0.5973537245013338 0.5542464924050021 -2.509484645869285
 1.19426789609966 1.632940528312719 0.6743423615318487
 1.054430011050761 1.599672830437139 0.3166108831985128
 2.660763891674246 0.1451667566850359 -0.04843535940824506
 -1.86786684247994 1.251404230436097 -1.582441084038333
 0.02397528107001845 0.2612122826000902 -0.2296480983359758
 0.08710279131882381 0.6489342535796165 -1.949029837657523
 0.2033367555446948 1.088182014139283 -1.086196271248929
 -0.1770701747787934 -1.389635395907686 1.066428931699111
 0.5456649168238497 -1.112378337590948 -0.8516071976967911
 2.124663546686509 -1.692996488861526 -0.9509662379308205
 0.3035044245153953 -1.659330060504721 0.08405119890431823
 0.1981540784870266 0.03728864119364239 -0.01572638473119514
 -0.3584354890639644 2.213680041707724 -0.9437203098420311
 -0.788959634373492 2.368928636156029 -0.6064356507812173
 -1.145995498928209 -2.146940021912412 -0.8722140912227595
 1.933578907003787 -0.4459912169749539 -2.14452957119398
 -1.825416994391 0.5047389759533265 2.281418900651055
 -1.339039503031705 -1.603486595901626 1.710775512648328
 1.613929485737084 1.054551101512289 0.7844553094453446
 1.199008327665455 -1.734481983249744 1.712897034046945
 2.692729303352154 -0.3441475244303308 -0.8203853787120402
 1.728147398609694 2.143837873976106 -1.08103033704762
 -0.1558705658716871 0.843302138478101 0.2158909621581766
 -2.391057596129185 0.8925419991038464 0.2549666929435683
 -0.328557347427303 -2.577422365651575 0.8681164257358465
 0.6343931232212749 -0.2409775010229617 0.09204954925656628
 0.9528155977037316 2.23066820364641 0.7036914320997065
 1.279669007763717 -1.821723622252811 -1.581693432748231
 1.497193166382576 -0.7595005749634974 -2.045925861467103
 0.2770639768019583 2.493235006844841 0.04827710086222536
 -0.4651641669510264 1.11443896807124 2.198467857031598
 1.393753362541101 -1.378905126698684 -1.175187643729134
 0.1799789915599013 0.7929753647182953 0.1448027021024072
 0.5842523927160899 1.605056170425783 1.801897165928158
 -2.743411745083223 0.421675781553458 -0.6512574140443154
 -1.447209287672131 -0.09500086566760879 -0.05081157760579214
 -0.9765320177000386 0.199385509111816 -2.365865078337528
 -1.110651045373455 1.024888125067127 -1.592353373519199
 -0.06958020769275286 -1.342214372637118 2.458646091904924
 -0.4595280180299138 -0.2409646558766697 -2.15006744702952
 -2.638275351533804 0.04494568352552752 -0.835635499217653
 -1.70395637955678 0.2923456699646139 0.05758298814693941
 -1.161394890578858 -2.049358102725056 -0.5067576948258939
 0.8457747317622319 0.6989210392942138 1.055902268431361
 -1.23828171976937 1.015099535433139 -0.4753645397093841
 0.9684541348023854 -1.166852263459119 -2.194030201587861
 2.532066287583731 -0.9431561492622934 0.3274492654456269
 -0.9941667427663471 2.60083297495626 0.4770966971996609
 -0.7568968694683397 0.5602491079543765 -1.675539545016215
 -1.280343547551879 -1.521930606742933 2.055068575726077
 0.06163804667471728 2.360908018579522 -0.7815898490794614
 0.9657090250247071 -1.543764753246653 -0.4215839834377181
 0.5772894755011 1.550574969641054 2.186904467828754
 -0.4698232386157023 -1.252909903991784 -0.6190236942678179
 1.148060055676078 1.274618383721934 -1.045729395882926
 -1.310883287326877 1.845180707725375 0.8567753491792669
 1.079315698245887 -0.6197993586224643 -2.323616514192526
 -0.4501951996520416 1.705949461748945 0.4708746459923461
 -1.265277398108882 -1.225160952973269 -2.115533520546688
 2.022357517085382 -0.4797784175044287 1.454176480601153
 0.5728733901255203 2.496802653954791 -1.50569391440524
 0.9198657260562815 -2.41754660715906 0.3344510521605442
 1.078445721316884 0.874417988061805 0.3146068023951698
 0.1622616683563396 2.263963132179606 0.175996598649919
 0.5840092771447081 -1.486159189203963 1.34880761038018
 1.340794138049049 1.003484293086983 -1.937240628773346
 1.322566635498527 -1.374501974492233 0.414582359379889
 1.042313234598436 -2.451459514791326 0.2708350314818955
 -0.4956841699869753 1.791627696598547 1.952629930581729
 -1.741101190697606 -1.252738081709122 0.2956204007489369
 1.288723591393752 -0.06615235516647922 -1.773685391902903
 0.5946459539841378 -1.479320163635138 -0.8523244153266142
 1.511625638040934 -0.98477643234277 -0.5617955997397243
 2.825098680864958 -0.2255060300903698 0.8718690505292517
 -1.249467701395809 -2.554233194962564 -0.3694117861765857
 1.403309694634914 -1.409202654301715 1.708778052864679
 2.209384609728121 -0.562336402112115 -0.6402724825125304
 2.103679292497966 0.7466153106900495 1.429281277589113
 -0.7047895376723511 -2.74823952753727 -0.6292656158766324
 -1.138124987001059 0.7943345713716066 -1.154237270570678
 -0.5724108742597779 -1.651045696582731 -1.531975585120277
 2.317136954668067 0.3250184308721074 -1.372552662567895
 0.9513103612921894 -0.6914587955903199 -2.078311654979044
 -2.62276322754897 -0.6982770229223835 0.1227401505429202
 -1.403907560031275 -1.169687324191052 -1.151178832281758
 1.88735818874607 -1.283167555603919 -1.358260692589143
 0.2026004525070642 2.106436142799316 -0.1370088055826896
 0.9242542438075791 2.165506375409973 0.1134589949006095
 0.6023361013145694 2.244355896605288 1.567538480719567
 0.4111874037845513 -2.139165450969315 0.5829213367776072
 0.2143885763518369 -1.405552304265042 0.8391827275736776
 1.077808535831214 0.2278351199294189 1.3549883029326
 1.752537247106746 -0.6177857354107251 -1.661482946774175
 -0.3969554600396147 -0.5072365037807439 -2.29067182215751
 -1.989988777978147 1.532614169967805 0.06990754453448211
 -1.22983455512186 -1.66947577288639 1.718477275186388
 -0.9166310278202451 1.623057062710005 1.088563397177993
 -0.835899196795456 -1.745311769597435 0.5212125644630679
 -2.675383753406824 -0.3687309277960426 -1.150101133832477
 -1.536735331132079 -0.6415788220851711 -0.9376346443293263
 -0.7647028157740433 -1.241093631143007 -0.9137411327066757
 -0.8707131902983992 -1.017752571101624 1.414815905517366
 -2.655273037748416 0.6767658674169861 1.209294779663493
 -0.4065428008338906 1.97499175084095 -0.2695819095518205
 1.406846061278005 0.2001322566706805 0.7375185631037702
 -1.227977535227141 0.3835712956837531 -1.871509162650162
 -0.01244845198045341 2.495193059162279 0.1242218080756623
 -2.260818253465442 0.1221952055370652 -0.3564395855480053
 -1.022167503322448 -0.9375073310972123 -0.1268433939404719
 0.1357935995203428 0.8435758422613369 -2.22353684362979
 0.4204351866061411 2.961863829535832 0.170644068077483
 0.4523637800496005 1.287750176337711 2.227925521104044
 1.440976060923497 0.2884284228720795 -0.8835565616110045
 -1.938817678612532 0.7850493788718775 -0.9763598989627625
 -1.030077865995662 -1.036540228591149 2.491490379269935
 -1.923060747122995 -0.6854528560714911 -1.927166521302418
 -1.658919143086467 -0.6315868751038195 1.968769341612937
 -0.5159368014652753 -0.2337386219657128 2.331224999888193
 0.2859053984915456 0.2216258726636884 -1.149562851837208
 2.182493247662793 0.6020959165772244 0.7114657392041053
 0.5580500844846648 0.4591925888310282 -1.501042933014411
 1.41100523574784 -0.89661505121059 -0.9429375420985889
 -2.066602936060906 -1.194156492192234 -0.7703714743965028
 -0.7235478593884795 -0.9423822243847927 1.923324009967105
 -0.5454467063895735 -0.5761417145283824 -0.2323969248295737
 -1.443650278430799 -0.8154595368987182 1.418977096779326
 1.151575808995751 1.674957771305427 -1.785390748559382
 -2.160111821641312 -0.4527567815265018 -0.923875641150956
 -0.8448890005897406 -1.140503479250707 -1.523328056597745
 -2.494930933776089 0.3734732738773932 -1.336382012364964
 -1.298888495084443 0.8467929496063418 2.555061763511871
 1.376283935610515 -0.8953024045640768 2.254428043032489
 -1.125254073444702 0.2213988210575033 0.7994296783770685
 0.8267761943348597 -0.3674427590342438 -2.702374738905454
 -0.06141562381787169 -2.84928294349251 -0.01514912005442792
 -1.208015926895705 0.5265422212811439 1.756722659500159
 1.186595910593106 -0.9938631163234511 0.6383903260578949
 0.08432236951607952 -2.038787655410202 -0.8330205686860516
 2.249113102998953 1.249762406698438 -0.06600303907141758
 0.9074324369401898 -0.07187173261537405 -2.484355823644804
 -1.544207839018806 0.5273800064991716 0.612742916225693
 1.926466573807699 -0.3241547896484368 -1.343439445268965
 -0.3855997418060876 2.193861376701792 0.6568214011661768
 0.500356903855296 -1.862413185035235 1.23193185878231
 2.011300118259075 0.6176705270855549 -0.971976699782202
 0.7735726670379037 -1.01663002593119 -1.285646228164702
 -0.3132873494138338 0.2270849054714972 -1.310667620812557
 0.1780331242323441 -1.095438787890759 -0.5498776295112117
 1.718759340199528 0.2675898936832444 -0.1451877698064558
 1.272859772703772 0.6700698468444777 2.495155437669837
 2.781032586964914 0.6677406332263447 -0.5502687791294908
 -2.843211193173678 0.3283100622364545 0.05012860908122718
 1.433086349010108 2.131484872720102 0.9766823420765556
 0.3348151273625937 2.663368295736483 -0.5369512708240328
 1.207809060904167 0.1079030005591659 -0.3490695076222191
 0.3615683535551169 -2.208583820678308 1.813365158827638
 1.745162632934832 0.807214282482962 -0.6243177821242606
 1.880563673694915 -2.059851852531457 -0.9074197938769878
 1.723848991856227 0.3658193683744519 -1.658616677525525
 0.5421142226501918 1.221782840501698 1.487312534753922
 -1.800514518169816 0.9435028128629712 1.269347580973178
 0.14002329250829 0.008552026753644304 -1.907156256257969
 -2.657705931032602 -0.8121109068397175 -0.5295904702190896
 -0.7811557095913303 1.178627377736174 -2.458955099316816
 0.5372907868598686 -1.39074676271965 2.258550982240584
 -1.460864086315599 1.375441484186234 -1.966906733127949
 -1.630378647224636 0.90142216227223 -0.9247478610237839
 1.471563297977719 0.9546915330820021 0.05291707869441553
 0.3797443913877019 1.905718171053361 1.122473672837988
 -1.97832303676847 1.28155778229779 -1.700874842770703
 0.2914123134518667 1.893377433965023 1.274011744113826
 0.4456271693387983 2.537760372529863 -0.736886695197941
 0.9017397033044121 -2.497654208244183 1.054785423735119
 -0.979089774310879 1.040331229201022 1.435764829057186
 0.1450360567255733 0.8235372774126566 1.377058678919217
 -1.210273061480021 0.9569217659187339 0.2152016061558972
 0.04303520387054061 0.6473893927653693 0.8376764333038857
 1.927061883300953 1.833732983665463 -1.336824754066693
 -2.287370720274221 0.422683230105469 0.5187510560490167
 -0.6174287066046357 -1.050225485583853 -1.334846651004127
 1.537633411851062 0.5027830515649299 -0.08989555263005478
 0.09927588800750708 -1.445029760689545 1.278462785768132
 -1.218811503711914 1.003035582227805 2.108110774663878
 2.114161270385356 0.4010349316147206 0.65933612199386
 -0.8947321107363017 2.300673807649514 0.2302884034001422
 1.069353674705773 -2.486019439139612 1.222959799449421
 0.02186178727498866 -2.310424879191819 0.6277965218720039
 1.306815928942555 0.5796107817552301 2.592391125974425
 0.1278302103084454 -1.042543167143263 1.86706987082056
 -2.83311034301003 -0.07958980337637811 0.9629664211071616
 -1.589644605493258 0.7269879469192437 -1.954670927582705
 -1.896743929047621 0.6979313687568645 -2.181620641311369
 1.929390506798885 0.5973192404838983 -1.972483526142254
 -0.004334925030994419 1.39089726189956 1.210747427811286
 -0.7577012948215941 1.022543364665159 -0.5947421845515101
 1.185274965572977 1.176558502652437 2.193107948159442
 1.072151976029615 -0.1237212081782596 -2.537972549803922
 1.859412512611846 -0.2315949456044081 0.352191362857099
 1.61138022583821 0.7828032966851 1.209810151976085
 1.952194856912157 -1.485730437360735 -1.237364488210293
 -0.036819021684252 -0.8476289695273206 1.292878334816113
 1.127348735986899 1.590692004268077 -2.035136693369288
 0.1871748506615309 2.19168871117461 1.014899384354017
 -0.3209989783910449 -0.6188893137709032 -2.68977819033935
 0.8240122406537385 -0.1969123816036017 2.450041752951579
 2.12031161881637 0.6448533764363065 -1.409250767245126
 -0.2021305596181328 2.029410365015854 -0.09665053346695729
 -0.758881301350039 -2.277767664488747 1.188039880534241
 0.2645431036099009 1.792035380906472 -1.527973366105249
 -1.769737232754476 2.396576170784981 0.1102926527803065
 0.3070252903198911 -2.169500954749563 -0.6452716157726887
 0.71421752036427 0.03186981269602063 -0.01426114583566951
 -1.270892445892102 0.851704637072273 2.493681250928134
 0.2029932124921638 2.714596790176489 -0.5486984952237536
 -1.072974040614397 -0.7270458855367231 1.048152390910862
 2.573277079892205 -1.282490495038671 0.7422865382425694
 1.420693783403621 -0.9481968170917928 0.1120208626788328
 0.5557453528898884 -1.471260075329974 -1.457127982718985
 1.782264193952048 0.128259537284573 2.343195833741109
 1.742406095862987 0.5046547075817798 -1.502806918199673
 -2.847494077377135 -0.5246366461576862 0.3904765069159475
 1.304650104828365 1.526250116825534 1.000361693855966
 -1.670501973119773 2.366172413792986 0.2223386881607905
 -0.471743618126493 -1.246825729498219 2.672180991936961
 2.168271181756136 0.5342594916077412 1.712733942317823
 0.2481887492466683 -1.377724427339189 2.2573175225016
 -1.816934632924256 1.994366351822944 -0.4305675864574229
 1.146827814880867 0.4875512456955486 0.7659236587936611
 -1.67660287806571 0.8489295641554448 2.230560437204876
 -1.389524203398333 1.991543651173941 -1.35986883721441
 -1.774623061103376 -0.3487768448776337 -0.2460337908613349
 -0.4006217594713116 -0.5831586161840879 2.751817836277533
 0.3745971926405864 -0.372265909447605 -1.204309973220739
 -1.592293416566658 0.4554031964110723 0.08526588052648076
 0.8486068036136889 0.225957755796182 0.9411437216923435
 2.558661432952848 1.029742111259635 -0.8781764413465315
 1.440611020277822 -0.1851203864235219 -1.808582032677644
 -2.036536003255208 -1.599355674993904 0.4493249870958202
 1.477643095606959 -0.06144134777974763 0.8688723661801445
 1.060691859222191 1.812815836828081 -0.8010549985192176
 -1.334233875821146 -1.212705293434582 -2.362251251954918
 -1.32471892469416 -1.495039865242732 0.6827789986346353
 0.2654149418076639 -1.972420152055777 -1.045059105647758
 0.6432929230884163 -1.17153490749569 0.9646077263962645
 0.1119307620452215 0.6635656654911042 1.631374074600173
 -1.999534948734684 1.420210875180532 -1.58119454844226
 0.3836319716650858 1.446790712954306 -2.092554838166789
 -0.4008002478076825 -0.05222523870319795 -2.521464082893115
 -1.088123808524187 -1.017603237081171 -1.684030746382915
 -0.7000251880894753 -0.2312486200210134 0.5470703226558642
 0.3427607809858746 -1.666188596096886 -1.798658529549602
 0.0985295535088373 -2.358971978860529 0.9614981556631055
 -2.494373696676279 -0.4797946156141676 1.28948087760412
 0.3467570490972574 0.9279843790198929 1.726451618673301
 -1.569564288494206 -0.9478090401606999 -0.7570556282848327
 1.087614021470239 -0.07401894944242138 1.724950655847929
 -1.391844934882409 -1.771963260103147 -0.5559349515171029
 -1.863527733505532 0.09688157498523142 -2.244530573513246
 -0.9115116549279659 -1.005049170543901 -2.643079706152987
 0.8745736718729991 -0.3734554229807999 2.730407101469179
 1.803213445127573 2.292708636899477 0.6629115908205843
 -0.5859975710457767 2.610693487956546 1.324119816886161
 -0.03866033275859515 0.1857593360965124 2.873815085862597
 -0.05731147239920265 -2.144490119762991 -0.7480754766284178
 0.8693978030646672 -0.8335031186914276 2.402325649070244
 0.09466693569182083 2.642672166117718 -0.9756821659453997
 0.6035486128340111 -2.341322297540603 0.9407295523969972
 -0.269269727200265 -2.821488533525149 0.9339753127537271
 0.9117424823302465 -0.8708677134312751 0.8448810358610317
 -0.8744413664951992 1.011314177800753 -0.6335144230145086
 2.424999898725829 -0.1725730135175333 -1.011962864788627
 -0.4186566490659137 0.04286451177251926 -1.729077196453619
 -0.02377246351505613 -0.7325191387770135 1.512624579768759
 -0.9467775790986038 -1.873573481261069 1.529043996073608
 -0.3350257840512222 -0.5440367272836114 0.9242123936789299
 0.2864127740661992 1.301669115950904 1.298681781872892
 2.109654927836804 -1.365193558604228 -0.6924467632385881
 0.6560122534201329 0.1243551208223721 0.7093071509033833
 -0.5485411071693217 -2.857778447141025 0.1291344236878287
 1.549255988215586 0.8558735715753656 2.216030929127691
 0.7308613378223128 -0.5523248023099879 0.2689144369831507
 -0.6339018206442678 0.7507269143515187 -1.348632639814823
 -0.4752388212676025 -0.8751114920839563 0.594406409870734
 2.354204316298979 0.56162261366168 -0.1386638643024435
 -0.4679925320660122 -0.9763070415335829 1.826326510494514
 0.9430920394778293 -0.09334004988591971 1.830009116440788
 -1.940265255581489 0.3248673420628796 -2.260467208855579
 1.433327107686007 -2.459144592620255 -0.04022421582232794
 -0.481172223906616 0.1035740081140784 1.891152488246304
 -0.9700454522270475 1.679885719022787 0.7313807240975991
 -0.1858010792424812 -0.174628769935483 0.6392089822077625
 2.100689985449723 -1.169082551699208 0.2822589720554785
 -0.7710793333367106 0.1496734660276375 -2.295064354371206
 -1.12468938419034 -1.946598394395439 -1.176040222048666
 1.334462726153933 0.08101727992009589 2.212240570167068
 -1.030897503140703 -1.892496633687311 -1.090058644417601
 -0.7453417389204321 1.807107772187043 1.994672811450492
 -0.2697701099772997 0.1641060073378111 -2.32308269780292
 2.478616534354289 0.9263928741293623 0.2178193598698073
 -2.183241944499395 -1.429778591889941 0.5881946550058066
 0.1311288572954907 -2.317905475680364 0.6174662309396612
 -1.052246829916769 -0.4894313978232804 1.6520456756014
 -0.6264994795161326 0.957804048928744 1.809920174215433
 -1.075687199853733 0.3018691050372213 -0.6756165774013115
 -0.9582000463644663 -1.919560130155112 0.07703626211909098
 -1.610238333076006 1.568112986303269 -1.027693378996051
 0.8149955887541662 -1.100661378138998 2.316493666283793
 1.085048816456985 -1.151222255776241 2.080209329155209
 0.9042453951003044 -0.09219723241824973 -0.4094939767566591
 -2.414078138148834 0.06888166295276044 1.628921972047594
 -2.527818697258433 1.240144625226524 0.7937344433986517
 -1.528849238486839 -1.084294873295967 -0.7573405339420171
 -0.3444238869002428 -1.974942631037294 -1.778396204073785
 -2.255642958146916 1.27680618446387 0.4313183664141187
 0.2782387854160695 0.8628720107504515 1.423654194163137
 -1.522154477526826 -0.9326038347924465 -0.4058711249168671
 -0.2320835824780082 -0.3994657600673585 -0.3113339546830226
 1.570664993359124 2.214509004451271 -0.6514390223263461
 -0.981968909622443 -1.217737493041864 -0.02856432491868344
 -0.708333182371221 2.275539906939426 -1.023255671591334
 0.2087894821322323 0.2729497766719442 -1.196471426520884
 -0.708160855884063 0.4836865583397585 -1.962724141286286
 0.8769056719652562 -1.540484665256009 1.393002285753382
 2.857702943148772 -0.6562616770248347 -0.5220040455836795
 -0.3435566844786634 -0.4496211984009827 -1.75472757579863
 0.08761980517518086 -0.7105060378369904 -0.532646322790585
 -0.2374759321558312 1.165544702239867 0.6718217291897222
 0.3705598001947399 -2.057466071312391 0.2968019449410542
 -0.1643616908939741 -0.04624739669725486 -1.050896158552264
 1.057118459955804 0.7999607349089173 0.2783797534156889
 -2.352831118200787 0.3055046823855256 -1.027286391262258
 -0.9049486664473586 -1.732881209846128 1.935601690607275
 -0.9342068414222328 1.843937094518606 -2.058687832843629
 -0.2603527625123775 -1.613741908780263 -0.4543590626110828
 2.838933284082305 -0.6401600024757931 -0.2855412679341568
 -0.5260896573993304 1.60460238272971 0.6336939221242868
 -0.7413526553257216 -0.2522022765447186 0.8070791957223984
 -2.299388960324147 0.3188588832279158 -1.056563063958488
 0.8823845760956037 1.230905613465194 -0.7259429083949508
 -0.9237040529146797 0.3253175341299055 0.8761645550164745
 2.149825659516342 0.8214326382253598 -1.718411313686344
 -2.490973184962902 -1.635102898657939 0.2122790153536607
 -0.8198261613519254 0.793986451975347 -2.339281041495434
 0.1623267152887879 -0.8913010716977187 1.781254827685621
 0.4043813853009606 -0.5636329440657782 -2.188980172789189
 -1.263314980562422 1.665483924235815 0.7748931153376624
 -1.489061743078831 -1.506311151798199 -0.7614299701876553
 0.1695167514094915 2.493029207243461 0.7229518042981835
 1.953265230211514 -0.982311380472158 1.78509550854585
 0.0947823676368027 -1.827096296755018 -0.2494440502713794
 -0.1393559073789487 -2.741989212108757 0.2830677235458934
 -0.007889549215378433 1.568406794139591 1.624059513198785
 -0.09651756265654743 -1.971978210372681 -1.302944904239647
 -0.9345712463502595 -0.04326669511650383 1.777288026865964
 -0.02353183361370081 -2.231909699696656 -1.161344345064362
 1.30665845372124 1.693585313538116 1.168707556607627
 -1.011191972938935 -1.640427328717948 0.1662073475428645
 -0.2273775325314463 0.4100128765477189 -0.56072229290229
 2.856926001334615 -0.4636838753220197 -0.0135405533229459
 1.131401211022525 0.3504009788898592 -2.378277697876487
 0.3439214585538146 0.1899631177768188 -1.442756540251882
 -0.7049537068561217 2.180360680647174 -1.421404860819635
 1.769478256294091 0.9133096651755372 -1.018168567010629
 2.617359586828291 -0.188207951492931 0.2738376891089129
 1.027308485062693 1.883007166654026 -0.6079245084744059
 -1.421898428710586 -0.5143774604629269 -0.6711877810874826
 -0.4430126858428017 1.287919228980691 0.8697670946347662
 1.857960563334894 -0.1174804749980721 0.7183275953418338
 -0.1901287904978212 2.642597986560349 -1.35234453675106
 -0.1614180024079889 1.499267946358983 -0.175728602438402
 1.089681661968325 1.885025334733681 0.4546677883091093
 2.828853888493186 -0.5431991462598352 -0.3385292382916222
 -1.971495773957375 -0.2820448091437174 -1.789678766064247
 -0.4665786877249322 -0.0399045541066364 0.4278029356330422
 1.825749068407871 -0.6440842284335418 1.384631747240419
 1.820062757392722 -0.2277311946980926 -0.02202700609453923
 0.07733793309585457 0.7179120103891301 1.682983292698663
 -1.476815809206933 0.3776982132436042 0.9732401833734081
 -0.8296595082791319 -2.467072206927446 0.2971615633499558
 -0.2872184965152428 -1.617594693647945 -1.238012413083567
 2.124657099781562 -0.4015190777981793 1.877390462841264
 2.228453514136949 -1.75294895945058 0.1134277267672363
 1.27620999229623 -1.75336245532549 -1.49511206636438
 1.62716045471103 2.170022073660422 0.9581595966338197
 -0.2770534440529396 -2.514193756062117 -1.474205441340561
 -0.5204508815680245 2.945063467976027 0.1417501591136856
 -1.168136771508621 0.6908595126517778 -2.404550793477211
 -1.167419651659568 2.712071969291313 0.4084096987197743
 -0.1945868532089278 2.087337959036201 0.1149510987516447
 1.204373659599728 -1.307181293254588 -1.840456307368759
 1.418425166905109 0.5674401481819578 -2.172498598798235
 2.278984472162195 1.02774458465442 1.317382774125167
 -2.326347945370967 0.5388212817845939 1.611401812925765
 -1.172962504560056 -2.013553442179152 1.157959577828702
 0.4981589646924698 1.930217691350191 2.144422757600288
 -1.356372147416145 -0.00346396872820709 -2.305230981008144
 0.4996247619979224 0.7140844427432764 1.811010512624097
# name: centroids_ok
# type: matrix
# rows: 1
# columns: 3
 0.00879902780062688 0.004192839532002004 -0.04494099167640076
# name: cost_ok
# type: scalar
1135.01644696819
