Running: fuse.exe -relaunch -intstyle "ise" -incremental -lib "unisims_ver" -lib "unimacro_ver" -lib "xilinxcorelib_ver" -lib "secureip" -o "C:/Users/student/Desktop/skel_lab04/unitTestCpu_isim_beh.exe" -prj "C:/Users/student/Desktop/skel_lab04/unitTestCpu_beh.prj" "work.unitTestCpu" "work.glbl" 
ISim P.20131013 (signature 0x7708f090)
Number of CPUs detected in this system: 2
Turning on mult-threading, number of parallel sub-compilation jobs: 4 
Determining compilation order of HDL files
Analyzing Verilog file "C:/Users/student/Desktop/skel_lab04/state_machine.v" into library work
Analyzing Verilog file "C:/Users/student/Desktop/skel_lab04/signal_generation_unit.v" into library work
Analyzing Verilog file "C:/Users/student/Desktop/skel_lab04/reg_file_interface_unit.v" into library work
Analyzing Verilog file "C:/Users/student/Desktop/skel_lab04/decode_unit.v" into library work
Analyzing Verilog file "C:/Users/student/Desktop/skel_lab04/bus_interface_unit.v" into library work
Analyzing Verilog file "C:/Users/student/Desktop/skel_lab04/sram.v" into library work
Analyzing Verilog file "C:/Users/student/Desktop/skel_lab04/rom.v" into library work
Analyzing Verilog file "C:/Users/student/Desktop/skel_lab04/register_file.v" into library work
Analyzing Verilog file "C:/Users/student/Desktop/skel_lab04/control_unit.v" into library work
Analyzing Verilog file "C:/Users/student/Desktop/skel_lab04/alu.v" into library work
Analyzing Verilog file "C:/Users/student/Desktop/skel_lab04/cpu.v" into library work
Analyzing Verilog file "C:/Users/student/Desktop/skel_lab04/unitTest.v" into library work
WARNING:HDLCompiler:485 - "test_brbs.vh" Line 34: Illegal format specifier ( for display
WARNING:HDLCompiler:485 - "test_brcs.vh" Line 34: Illegal format specifier ( for display
WARNING:HDLCompiler:485 - "test_rjmp.vh" Line 31: Illegal format specifier ( for display
Analyzing Verilog file "C:/Users/student/Desktop/skel_lab04/unitTestCpu.v" into library work
Analyzing Verilog file "C:/Xilinx/14.7/ISE_DS/ISE//verilog/src/glbl.v" into library work
Starting static elaboration
Completed static elaboration
Compiling module state_machine
Compiling module decode_unit(INSTR_WIDTH=16)
Compiling module signal_generation_unit
Compiling module reg_file_interface_unit(INSTR_WI...
Compiling module bus_interface_unit(DATA_WIDTH=8,...
Compiling module control_unit(INSTR_WIDTH=16,I_AD...
Compiling module alu(DATA_WIDTH=8)
Compiling module rom(DATA_WIDTH=16,ADDR_WIDTH=10)
Compiling module dual_port_sram(DATA_WIDTH=8,ADDR...
Compiling module sram(DATA_WIDTH=8,ADDR_WIDTH=7)
Compiling module cpu
Compiling module unitTest
Compiling module unitTestCpu
Compiling module glbl
Time Resolution for simulation is 1ps.
Waiting for 11 sub-compilation(s) to finish...
Compiled 14 Verilog Units
Built simulation executable C:/Users/student/Desktop/skel_lab04/unitTestCpu_isim_beh.exe
Fuse Memory Usage: 31652 KB
Fuse CPU Usage: 639 ms
