ISim log file
Running: C:\Users\student\Desktop\skel_lab04\unitTestCpu_isim_beh.exe -intstyle ise -gui -tclbatch isim.cmd -wdb C:/Users/student/Desktop/skel_lab04/unitTestCpu_isim_beh.wdb 
ISim P.20131013 (signature 0x7708f090)
----------------------------------------------------------------------
INFO:Security:61 - The XILINXD_LICENSE_FILE environment variable is not set.
INFO:Security:63 - The LM_LICENSE_FILE environment variable is not set.
INFO:Security:68 - For more information or for assistance in obtaining 
 a license, please run the Xilinx License Configuration Manager
       (xlcm or "Manage Xilinx Licenses".)
INFO:Security:68a - user is student, on host WIN-I7C3F74FULA.
ERROR:Security:14 - No feature was available for 'ISIM'.

No such feature exists.
Feature:       ISIM
License path:  C:/.Xilinx\Xilinx.lic;C:\Xilinx\14.7\ISE_DS\ISE\/coregen/core_licenses\Xilinx.lic;C:\Xilinx\14.7\ISE_DS\ISE\/coregen/core_licenses\XilinxFree.lic;C:\Xilinx\14.7\ISE_DS\EDK/data/core_licenses\Xilinx.lic;
FLEXnet Licensing error:-5,357
For further information, refer to the FLEXnet Licensing documentation,
available at "www.flexerasoftware.com".
----------------------------------------------------------------------
WARNING: A full ISim License cannot be checked out due to the issues listed above. Please use Xilinx License Configuration Manager to fix these issues in order to check out a full ISim license.
WARNING: ISim will run in Lite mode. Please refer to the ISim documentation for more information on the differences between the Lite and the Full version.
This is a Lite version of ISim.
Time resolution is 1 ps
# onerror resume
# wave add /
# run 2000 ns
Simulator is doing circuit initialization process.
Start cpu ...
Legend:
OPERATION OP1, OP2 - STAGE: OK <=> PASS
OPERATION OP1, OP2 - STAGE: FAILED => EXPECTED_VALUE VS COMPUED_VALUE <=> FAIL
Init regs..

PC => 0
Finished circuit initialization process.
LDI R16, 5 - ID: OK
LDI R16, 5 - WB: OK (R16 = 5)

PC => 1
LDI R17, 15 - ID: OK
LDI R17, 15 - WB: OK (R17 = 15)

PC => 2
PUSH R16 - ID: OK
PUSH R16 - MEM: OK (bus_address = 7f)

PC => 3
PUSH R17 - ID: OK
PUSH R17 - MEM: OK (bus_address = 7e)

PC => 4
MOV R30, R16 - ID: OK
MOV R30, R16 - WB: OK (R30 = 5) 

PC => 5
SUB R30, R17 - ID: OK
SUB R30, R17 - EX: OK (alu_out = -10)
SUB R30, R17 - WB: OK (R30 = -10)

PC => 6
BRBS LABEL - ID: OK (FLAG: (001)). Check defines.vh.

PC => 7
BRBS LABEL - ID: OK (FLAG: (010)). Check defines.vh.

PC => 10
SUB R17, R16 - ID: OK
SUB R17, R16 - EX: OK (alu_out = 10)
SUB R17, R16 - WB: OK (R17 = 10)

PC => 11
RJMP LABEL - ID: OK

PC => 4
MOV R30, R16 - ID: OK
MOV R30, R16 - WB: OK (R30 = 5) 

PC => 5
SUB R30, R17 - ID: OK
SUB R30, R17 - EX: OK (alu_out = -5)
SUB R30, R17 - WB: OK (R30 = -5)

PC => 6
BRBS LABEL - ID: OK (FLAG: (001)). Check defines.vh.

PC => 7
BRBS LABEL - ID: OK (FLAG: (010)). Check defines.vh.

PC => 10
SUB R17, R16 - ID: OK
SUB R17, R16 - EX: OK (alu_out = 5)
SUB R17, R16 - WB: OK (R17 = 5)

PC => 11
RJMP LABEL - ID: OK

PC => 4
MOV R30, R16 - ID: OK
MOV R30, R16 - WB: OK (R30 = 5) 

PC => 5
SUB R30, R17 - ID: OK
SUB R30, R17 - EX: OK (alu_out = 0)
SUB R30, R17 - WB: OK (R30 = 0)

PC => 6
BRBS LABEL - ID: OK (FLAG: (001)). Check defines.vh.

PC => 12
PUSH R16 - ID: OK
PUSH R16 - MEM: OK (bus_address = 7d)
ISim P.20131013 (signature 0x7708f090)
----------------------------------------------------------------------
INFO:Security:61 - The XILINXD_LICENSE_FILE environment variable is not set.
INFO:Security:63 - The LM_LICENSE_FILE environment variable is not set.
INFO:Security:68 - For more information or for assistance in obtaining 
 a license, please run the Xilinx License Configuration Manager
       (xlcm or "Manage Xilinx Licenses".)
INFO:Security:68a - user is student, on host WIN-I7C3F74FULA.
ERROR:Security:14 - No feature was available for 'ISIM'.

No such feature exists.
Feature:       ISIM
License path:  C:/.Xilinx\Xilinx.lic;C:\Xilinx\14.7\ISE_DS\ISE\/coregen/core_licenses\Xilinx.lic;C:\Xilinx\14.7\ISE_DS\ISE\/coregen/core_licenses\XilinxFree.lic;C:\Xilinx\14.7\ISE_DS\EDK/data/core_licenses\Xilinx.lic;
FLEXnet Licensing error:-5,357
For further information, refer to the FLEXnet Licensing documentation,
available at "www.flexerasoftware.com".
----------------------------------------------------------------------
WARNING: A full ISim License cannot be checked out due to the issues listed above. Please use Xilinx License Configuration Manager to fix these issues in order to check out a full ISim license.
WARNING: ISim will run in Lite mode. Please refer to the ISim documentation for more information on the differences between the Lite and the Full version.
This is a Lite version of ISim.
# run 2000 ns
Simulator is doing circuit initialization process.
Start cpu ...
Legend:
OPERATION OP1, OP2 - STAGE: OK <=> PASS
OPERATION OP1, OP2 - STAGE: FAILED => EXPECTED_VALUE VS COMPUED_VALUE <=> FAIL
Init regs..

PC => 0
Finished circuit initialization process.
LDI R16, 5 - ID: OK
LDI R16, 5 - WB: OK (R16 = 5)

PC => 1
LDI R17, 15 - ID: OK
LDI R17, 15 - WB: OK (R17 = 15)

PC => 2
PUSH R16 - ID: OK
PUSH R16 - MEM: OK (bus_address = 7f)

PC => 3
PUSH R17 - ID: OK
PUSH R17 - MEM: OK (bus_address = 7e)

PC => 4
MOV R30, R16 - ID: OK
MOV R30, R16 - WB: OK (R30 = 5) 

PC => 5
SUB R30, R17 - ID: OK
SUB R30, R17 - EX: OK (alu_out = -10)
SUB R30, R17 - WB: OK (R30 = -10)

PC => 6
BRBS LABEL - ID: OK (FLAG: (001)). Check defines.vh.

PC => 7
BRBS LABEL - ID: OK (FLAG: (010)). Check defines.vh.

PC => 10
SUB R17, R16 - ID: OK
SUB R17, R16 - EX: OK (alu_out = 10)
SUB R17, R16 - WB: OK (R17 = 10)

PC => 11
RJMP LABEL - ID: OK

PC => 4
MOV R30, R16 - ID: OK
MOV R30, R16 - WB: OK (R30 = 5) 

PC => 5
SUB R30, R17 - ID: OK
SUB R30, R17 - EX: OK (alu_out = -5)
SUB R30, R17 - WB: OK (R30 = -5)

PC => 6
BRBS LABEL - ID: OK (FLAG: (001)). Check defines.vh.

PC => 7
BRBS LABEL - ID: OK (FLAG: (010)). Check defines.vh.

PC => 10
SUB R17, R16 - ID: OK
SUB R17, R16 - EX: OK (alu_out = 5)
SUB R17, R16 - WB: OK (R17 = 5)

PC => 11
RJMP LABEL - ID: OK

PC => 4
MOV R30, R16 - ID: OK
MOV R30, R16 - WB: OK (R30 = 5) 

PC => 5
SUB R30, R17 - ID: OK
SUB R30, R17 - EX: OK (alu_out = 0)
SUB R30, R17 - WB: OK (R30 = 0)

PC => 6
BRBS LABEL - ID: OK (FLAG: (001)). Check defines.vh.

PC => 12
PUSH R16 - ID: OK
PUSH R16 - MEM: OK (bus_address = 7d)
# run 1.00us

PC => 13
POP R20 - EX: OK
POP R20 - MEM: OK (bus_addr = 7d)
POP R20 - WB: OK (R20 = 5)

PC => 14
POP R21 - EX: OK
POP R21 - MEM: OK (bus_addr = 7e)
POP R21 - WB: OK (R21 = 15)

PC => 15
POP R22 - EX: OK
POP R22 - MEM: OK (bus_addr = 7f)
POP R22 - WB: OK (R22 = 5)

PC => 16

PC => 17

PC => 18

PC => 19

PC => 20
# run 1.00us
# run 1.00us
# run 1.00us
# run 1.00us
# run 1.00us
# run 1.00us
ISim P.20131013 (signature 0x7708f090)
----------------------------------------------------------------------
INFO:Security:61 - The XILINXD_LICENSE_FILE environment variable is not set.
INFO:Security:63 - The LM_LICENSE_FILE environment variable is not set.
INFO:Security:68 - For more information or for assistance in obtaining 
 a license, please run the Xilinx License Configuration Manager
       (xlcm or "Manage Xilinx Licenses".)
INFO:Security:68a - user is student, on host WIN-I7C3F74FULA.
ERROR:Security:14 - No feature was available for 'ISIM'.

No such feature exists.
Feature:       ISIM
License path:  C:/.Xilinx\Xilinx.lic;C:\Xilinx\14.7\ISE_DS\ISE\/coregen/core_licenses\Xilinx.lic;C:\Xilinx\14.7\ISE_DS\ISE\/coregen/core_licenses\XilinxFree.lic;C:\Xilinx\14.7\ISE_DS\EDK/data/core_licenses\Xilinx.lic;
FLEXnet Licensing error:-5,357
For further information, refer to the FLEXnet Licensing documentation,
available at "www.flexerasoftware.com".
----------------------------------------------------------------------
WARNING: A full ISim License cannot be checked out due to the issues listed above. Please use Xilinx License Configuration Manager to fix these issues in order to check out a full ISim license.
WARNING: ISim will run in Lite mode. Please refer to the ISim documentation for more information on the differences between the Lite and the Full version.
This is a Lite version of ISim.
# run 2000 ns
Simulator is doing circuit initialization process.
Start cpu ...
Legend:
OPERATION OP1, OP2 - STAGE: OK <=> PASS
OPERATION OP1, OP2 - STAGE: FAILED => EXPECTED_VALUE VS COMPUED_VALUE <=> FAIL
Init regs..

PC => 0
Finished circuit initialization process.
LDI R16, 5 - ID: OK
LDI R16, 5 - WB: OK (R16 = 5)

PC => 1
LDI R17, 15 - ID: OK
LDI R17, 15 - WB: OK (R17 = 15)

PC => 2
PUSH R16 - ID: OK
PUSH R16 - MEM: OK (bus_address = 7f)

PC => 3
PUSH R17 - ID: OK
PUSH R17 - MEM: OK (bus_address = 7e)

PC => 4
MOV R30, R16 - ID: OK
MOV R30, R16 - WB: OK (R30 = 5) 

PC => 5
SUB R30, R17 - ID: OK
SUB R30, R17 - EX: OK (alu_out = -10)
SUB R30, R17 - WB: OK (R30 = -10)

PC => 6
BRBS LABEL - ID: OK (FLAG: (001)). Check defines.vh.

PC => 7
BRBS LABEL - ID: OK (FLAG: (010)). Check defines.vh.

PC => 10
SUB R17, R16 - ID: OK
SUB R17, R16 - EX: OK (alu_out = 10)
SUB R17, R16 - WB: OK (R17 = 10)

PC => 11
RJMP LABEL - ID: OK

PC => 4
MOV R30, R16 - ID: OK
MOV R30, R16 - WB: OK (R30 = 5) 

PC => 5
SUB R30, R17 - ID: OK
SUB R30, R17 - EX: OK (alu_out = -5)
SUB R30, R17 - WB: OK (R30 = -5)

PC => 6
BRBS LABEL - ID: OK (FLAG: (001)). Check defines.vh.

PC => 7
BRBS LABEL - ID: OK (FLAG: (010)). Check defines.vh.

PC => 10
SUB R17, R16 - ID: OK
SUB R17, R16 - EX: OK (alu_out = 5)
SUB R17, R16 - WB: OK (R17 = 5)

PC => 11
RJMP LABEL - ID: OK

PC => 4
MOV R30, R16 - ID: OK
MOV R30, R16 - WB: OK (R30 = 5) 

PC => 5
SUB R30, R17 - ID: OK
SUB R30, R17 - EX: OK (alu_out = 0)
SUB R30, R17 - WB: OK (R30 = 0)

PC => 6
BRBS LABEL - ID: OK (FLAG: (001)). Check defines.vh.

PC => 12
PUSH R16 - ID: OK
PUSH R16 - MEM: OK (bus_address = 7d)
# run 1.00us

PC => 13
POP R20 - EX: OK
POP R20 - MEM: OK (bus_addr = 7d)
POP R20 - WB: OK (R20 = 5)

PC => 14
POP R21 - EX: OK
POP R21 - MEM: OK (bus_addr = 7e)
POP R21 - WB: OK (R21 = 15)

PC => 15
POP R22 - EX: OK
POP R22 - MEM: OK (bus_addr = 7f)
POP R22 - WB: OK (R22 = 5)

PC => 16

PC => 17

PC => 18

PC => 19

PC => 20
# run 1.00us
# run 1.00us
# run 1.00us
# run 1.00us
# run 1.00us
ISim P.20131013 (signature 0x7708f090)
----------------------------------------------------------------------
INFO:Security:61 - The XILINXD_LICENSE_FILE environment variable is not set.
INFO:Security:63 - The LM_LICENSE_FILE environment variable is not set.
INFO:Security:68 - For more information or for assistance in obtaining 
 a license, please run the Xilinx License Configuration Manager
       (xlcm or "Manage Xilinx Licenses".)
INFO:Security:68a - user is student, on host WIN-I7C3F74FULA.
ERROR:Security:14 - No feature was available for 'ISIM'.

No such feature exists.
Feature:       ISIM
License path:  C:/.Xilinx\Xilinx.lic;C:\Xilinx\14.7\ISE_DS\ISE\/coregen/core_licenses\Xilinx.lic;C:\Xilinx\14.7\ISE_DS\ISE\/coregen/core_licenses\XilinxFree.lic;C:\Xilinx\14.7\ISE_DS\EDK/data/core_licenses\Xilinx.lic;
FLEXnet Licensing error:-5,357
For further information, refer to the FLEXnet Licensing documentation,
available at "www.flexerasoftware.com".
----------------------------------------------------------------------
WARNING: A full ISim License cannot be checked out due to the issues listed above. Please use Xilinx License Configuration Manager to fix these issues in order to check out a full ISim license.
WARNING: ISim will run in Lite mode. Please refer to the ISim documentation for more information on the differences between the Lite and the Full version.
This is a Lite version of ISim.
# run 2000 ns
Simulator is doing circuit initialization process.
Start cpu ...
Legend:
OPERATION OP1, OP2 - STAGE: OK <=> PASS
OPERATION OP1, OP2 - STAGE: FAILED => EXPECTED_VALUE VS COMPUED_VALUE <=> FAIL
Init regs..

PC => 0
Finished circuit initialization process.
LDI R16, 5 - ID: OK
LDI R16, 5 - WB: OK (R16 = 5)

PC => 1
LDI R17, 15 - ID: OK
LDI R17, 15 - WB: OK (R17 = 15)

PC => 2
PUSH R16 - ID: OK
PUSH R16 - MEM: OK (bus_address = 7f)

PC => 3
PUSH R17 - ID: OK
PUSH R17 - MEM: OK (bus_address = 7e)

PC => 4
MOV R30, R16 - ID: OK
MOV R30, R16 - WB: OK (R30 = 5) 

PC => 5
SUB R30, R17 - ID: OK
SUB R30, R17 - EX: OK (alu_out = -10)
SUB R30, R17 - WB: OK (R30 = -10)

PC => 6
BRBS LABEL - ID: OK (FLAG: (001)). Check defines.vh.

PC => 7
BRBS LABEL - ID: OK (FLAG: (010)). Check defines.vh.

PC => 10
SUB R17, R16 - ID: OK
SUB R17, R16 - EX: OK (alu_out = 10)
SUB R17, R16 - WB: OK (R17 = 10)

PC => 11
RJMP LABEL - ID: OK

PC => 4
MOV R30, R16 - ID: OK
MOV R30, R16 - WB: OK (R30 = 5) 

PC => 5
SUB R30, R17 - ID: OK
SUB R30, R17 - EX: OK (alu_out = -5)
SUB R30, R17 - WB: OK (R30 = -5)

PC => 6
BRBS LABEL - ID: OK (FLAG: (001)). Check defines.vh.

PC => 7
BRBS LABEL - ID: OK (FLAG: (010)). Check defines.vh.

PC => 10
SUB R17, R16 - ID: OK
SUB R17, R16 - EX: OK (alu_out = 5)
SUB R17, R16 - WB: OK (R17 = 5)

PC => 11
RJMP LABEL - ID: OK

PC => 4
MOV R30, R16 - ID: OK
MOV R30, R16 - WB: OK (R30 = 5) 

PC => 5
SUB R30, R17 - ID: OK
SUB R30, R17 - EX: OK (alu_out = 0)
SUB R30, R17 - WB: OK (R30 = 0)

PC => 6
BRBS LABEL - ID: OK (FLAG: (001)). Check defines.vh.

PC => 12
PUSH R16 - ID: OK
PUSH R16 - MEM: OK (bus_address = 7d)
# run 1.00us

PC => 13
POP R20 - EX: OK
POP R20 - MEM: OK (bus_addr = 7d)
POP R20 - WB: OK (R20 = 5)

PC => 14
POP R21 - EX: OK
POP R21 - MEM: OK (bus_addr = 7e)
POP R21 - WB: OK (R21 = 15)

PC => 15
POP R22 - EX: OK
POP R22 - MEM: OK (bus_addr = 7f)
POP R22 - WB: OK (R22 = 5)

PC => 16

PC => 17

PC => 18

PC => 19

PC => 20
# run 1.00us
# run 1.00us
# run 1.00us
# run 1.00us
# run 1.00us
# run 1.00us
# run 1.00us
# run 1.00us
# run 1.00us
# run 1.00us
# run 1.00us
# run 1.00us
# run 1.00us
# run 1.00us
# run 1.00us
ISim P.20131013 (signature 0x7708f090)
----------------------------------------------------------------------
INFO:Security:61 - The XILINXD_LICENSE_FILE environment variable is not set.
INFO:Security:63 - The LM_LICENSE_FILE environment variable is not set.
INFO:Security:68 - For more information or for assistance in obtaining 
 a license, please run the Xilinx License Configuration Manager
       (xlcm or "Manage Xilinx Licenses".)
INFO:Security:68a - user is student, on host WIN-I7C3F74FULA.
ERROR:Security:14 - No feature was available for 'ISIM'.

No such feature exists.
Feature:       ISIM
License path:  C:/.Xilinx\Xilinx.lic;C:\Xilinx\14.7\ISE_DS\ISE\/coregen/core_licenses\Xilinx.lic;C:\Xilinx\14.7\ISE_DS\ISE\/coregen/core_licenses\XilinxFree.lic;C:\Xilinx\14.7\ISE_DS\EDK/data/core_licenses\Xilinx.lic;
FLEXnet Licensing error:-5,357
For further information, refer to the FLEXnet Licensing documentation,
available at "www.flexerasoftware.com".
----------------------------------------------------------------------
WARNING: A full ISim License cannot be checked out due to the issues listed above. Please use Xilinx License Configuration Manager to fix these issues in order to check out a full ISim license.
WARNING: ISim will run in Lite mode. Please refer to the ISim documentation for more information on the differences between the Lite and the Full version.
This is a Lite version of ISim.
# run 2000 ns
Simulator is doing circuit initialization process.
Start cpu ...
Legend:
OPERATION OP1, OP2 - STAGE: OK <=> PASS
OPERATION OP1, OP2 - STAGE: FAILED => EXPECTED_VALUE VS COMPUED_VALUE <=> FAIL
Init regs..

PC => 0
Finished circuit initialization process.
LDI R16, 5 - ID: OK
LDI R16, 5 - WB: OK (R16 = 5)

PC => 1
LDI R17, 15 - ID: OK
LDI R17, 15 - WB: OK (R17 = 15)

PC => 2
PUSH R16 - ID: OK
PUSH R16 - MEM: OK (bus_address = 7f)

PC => 3
PUSH R17 - ID: OK
PUSH R17 - MEM: OK (bus_address = 7e)

PC => 4
MOV R30, R16 - ID: OK
MOV R30, R16 - WB: OK (R30 = 5) 

PC => 5
SUB R30, R17 - ID: OK
SUB R30, R17 - EX: OK (alu_out = -10)
SUB R30, R17 - WB: OK (R30 = -10)

PC => 6
BRBS LABEL - ID: OK (FLAG: (001)). Check defines.vh.

PC => 7
BRBS LABEL - ID: OK (FLAG: (010)). Check defines.vh.

PC => 10
SUB R17, R16 - ID: OK
SUB R17, R16 - EX: OK (alu_out = 10)
SUB R17, R16 - WB: OK (R17 = 10)

PC => 11
RJMP LABEL - ID: OK

PC => 4
MOV R30, R16 - ID: OK
MOV R30, R16 - WB: OK (R30 = 5) 

PC => 5
SUB R30, R17 - ID: OK
SUB R30, R17 - EX: OK (alu_out = -5)
SUB R30, R17 - WB: OK (R30 = -5)

PC => 6
BRBS LABEL - ID: OK (FLAG: (001)). Check defines.vh.

PC => 7
BRBS LABEL - ID: OK (FLAG: (010)). Check defines.vh.

PC => 10
SUB R17, R16 - ID: OK
SUB R17, R16 - EX: OK (alu_out = 5)
SUB R17, R16 - WB: OK (R17 = 5)

PC => 11
RJMP LABEL - ID: OK

PC => 4
MOV R30, R16 - ID: OK
MOV R30, R16 - WB: OK (R30 = 5) 

PC => 5
SUB R30, R17 - ID: OK
SUB R30, R17 - EX: OK (alu_out = 0)
SUB R30, R17 - WB: OK (R30 = 0)

PC => 6
BRBS LABEL - ID: OK (FLAG: (001)). Check defines.vh.

PC => 12
PUSH R16 - ID: OK
PUSH R16 - MEM: OK (bus_address = 7d)
# run 1.00us

PC => 13
POP R20 - EX: OK
POP R20 - MEM: OK (bus_addr = 7d)
POP R20 - WB: OK (R20 = 5)

PC => 14
POP R21 - EX: OK
POP R21 - MEM: OK (bus_addr = 7e)
POP R21 - WB: OK (R21 = 15)

PC => 15
POP R22 - EX: OK
POP R22 - MEM: OK (bus_addr = 7f)
POP R22 - WB: OK (R22 = 5)

PC => 16

PC => 17

PC => 18

PC => 19

PC => 20
# run 1.00us
# run 1.00us
# run 1.00us
# run 1.00us
# run 1.00us
# run 1.00us
# run 1.00us
# run 1.00us
# run 1.00us
# run 1.00us
# run 1.00us
# run 1.00us
# run 1.00us
# run 1.00us
# run 1.00us
# run 1.00us
