e:\repos\university\3rd year\egc - computer graphics\framework-egc-master\visual studio\obj\x64\debug\framework_egc\engine.obj
e:\repos\university\3rd year\egc - computer graphics\framework-egc-master\visual studio\obj\x64\debug\framework_egc\shader.obj
e:\repos\university\3rd year\egc - computer graphics\framework-egc-master\visual studio\obj\x64\debug\framework_egc\texturemanager.obj
e:\repos\university\3rd year\egc - computer graphics\framework-egc-master\visual studio\obj\x64\debug\framework_egc\world.obj
e:\repos\university\3rd year\egc - computer graphics\framework-egc-master\visual studio\obj\x64\debug\framework_egc\laborator3.obj
e:\repos\university\3rd year\egc - computer graphics\framework-egc-master\visual studio\obj\x64\debug\framework_egc\laborator5.obj
e:\repos\university\3rd year\egc - computer graphics\framework-egc-master\visual studio\obj\x64\debug\framework_egc\laborator9.obj
e:\repos\university\3rd year\egc - computer graphics\framework-egc-master\visual studio\obj\x64\debug\framework_egc\sceneinput.obj
e:\repos\university\3rd year\egc - computer graphics\framework-egc-master\visual studio\obj\x64\debug\framework_egc\mesh.obj
e:\repos\university\3rd year\egc - computer graphics\framework-egc-master\visual studio\obj\x64\debug\framework_egc\windowobject.obj
e:\repos\university\3rd year\egc - computer graphics\framework-egc-master\visual studio\obj\x64\debug\framework_egc\laborator2.obj
e:\repos\university\3rd year\egc - computer graphics\framework-egc-master\visual studio\obj\x64\debug\framework_egc\laborator4.obj
e:\repos\university\3rd year\egc - computer graphics\framework-egc-master\visual studio\obj\x64\debug\framework_egc\laborator8.obj
e:\repos\university\3rd year\egc - computer graphics\framework-egc-master\visual studio\obj\x64\debug\framework_egc\simplescene.obj
e:\repos\university\3rd year\egc - computer graphics\framework-egc-master\visual studio\obj\x64\debug\framework_egc\texture2d.obj
e:\repos\university\3rd year\egc - computer graphics\framework-egc-master\visual studio\obj\x64\debug\framework_egc\windowcallbacks.obj
e:\repos\university\3rd year\egc - computer graphics\framework-egc-master\visual studio\obj\x64\debug\framework_egc\laborator1.obj
e:\repos\university\3rd year\egc - computer graphics\framework-egc-master\visual studio\obj\x64\debug\framework_egc\object2d.obj
e:\repos\university\3rd year\egc - computer graphics\framework-egc-master\visual studio\obj\x64\debug\framework_egc\laborator7.obj
e:\repos\university\3rd year\egc - computer graphics\framework-egc-master\visual studio\obj\x64\debug\framework_egc\main.obj
e:\repos\university\3rd year\egc - computer graphics\framework-egc-master\visual studio\obj\x64\debug\framework_egc\camerainput.obj
e:\repos\university\3rd year\egc - computer graphics\framework-egc-master\visual studio\obj\x64\debug\framework_egc\gpubuffers.obj
e:\repos\university\3rd year\egc - computer graphics\framework-egc-master\visual studio\obj\x64\debug\framework_egc\inputcontroller.obj
e:\repos\university\3rd year\egc - computer graphics\framework-egc-master\visual studio\obj\x64\debug\framework_egc\gl.obj
e:\repos\university\3rd year\egc - computer graphics\framework-egc-master\visual studio\obj\x64\debug\framework_egc\laborator3_vis2d.obj
e:\repos\university\3rd year\egc - computer graphics\framework-egc-master\visual studio\obj\x64\debug\framework_egc\laborator6.obj
e:\repos\university\3rd year\egc - computer graphics\framework-egc-master\visual studio\obj\x64\debug\framework_egc\tema1.obj
e:\repos\university\3rd year\egc - computer graphics\framework-egc-master\visual studio\obj\x64\debug\framework_egc\vc142.pdb
e:\repos\university\3rd year\egc - computer graphics\framework-egc-master\x64\debug\framework_egc.exe
e:\repos\university\3rd year\egc - computer graphics\framework-egc-master\x64\debug\framework_egc.ilk
e:\repos\university\3rd year\egc - computer graphics\framework-egc-master\x64\debug\framework_egc.pdb
e:\repos\university\3rd year\egc - computer graphics\framework-egc-master\visual studio\obj\x64\debug\framework_egc\tema2.obj
e:\repos\university\3rd year\egc - computer graphics\framework-egc-master\visual studio\obj\x64\debug\framework_egc\framework_egc.tlog\cl.11500.write.1.tlog
e:\repos\university\3rd year\egc - computer graphics\framework-egc-master\visual studio\obj\x64\debug\framework_egc\framework_egc.tlog\cl.command.1.tlog
e:\repos\university\3rd year\egc - computer graphics\framework-egc-master\visual studio\obj\x64\debug\framework_egc\framework_egc.tlog\cl.read.1.tlog
e:\repos\university\3rd year\egc - computer graphics\framework-egc-master\visual studio\obj\x64\debug\framework_egc\framework_egc.tlog\link.command.1.tlog
e:\repos\university\3rd year\egc - computer graphics\framework-egc-master\visual studio\obj\x64\debug\framework_egc\framework_egc.tlog\link.read.1.tlog
e:\repos\university\3rd year\egc - computer graphics\framework-egc-master\visual studio\obj\x64\debug\framework_egc\framework_egc.tlog\link.write.1.tlog
