Command line:
   task03_isim_beh.exe
     -simmode  gui
     -simrunnum  0
     -socket  49430

Tue Oct 20 18:00:54 2020


 Elaboration Time: 0.09375 sec

 Current Memory Usage: 667.214 Meg

 Total Signals          : 19
 Total Nets             : 32
 Total Signal Drivers   : 6
 Total Blocks           : 2
 Total Primitive Blocks : 2
 Total Processes        : 8
 Total Traceable Variables  : 20
 Total Scalar Nets and Variables : 1144
Total Line Count : 21

 Total Simulation Time: 0.109375 sec

 Current Memory Usage: 667.214 Meg

Tue Oct 20 18:00:57 2020

